{"C:\\Users\\Raimundo\\Desktop\\DSF\\ESW\\CineStream\\backend\\src\\api\\mediaService.js": {"path":"C:\\Users\\Raimundo\\Desktop\\DSF\\ESW\\CineStream\\backend\\src\\api\\mediaService.js","statementMap":{"0":{"start":{"line":1,"column":14},"end":{"line":6,"column":1}},"1":{"start":{"line":8,"column":16},"end":{"line":12,"column":1}},"2":{"start":{"line":15,"column":4},"end":{"line":15,"column":19}},"3":{"start":{"line":19,"column":20},"end":{"line":19,"column":32}},"4":{"start":{"line":20,"column":17},"end":{"line":20,"column":52}},"5":{"start":{"line":20,"column":35},"end":{"line":20,"column":51}},"6":{"start":{"line":22,"column":4},"end":{"line":26,"column":5}},"7":{"start":{"line":23,"column":22},"end":{"line":23,"column":69}},"8":{"start":{"line":24,"column":8},"end":{"line":24,"column":27}},"9":{"start":{"line":25,"column":8},"end":{"line":25,"column":20}},"10":{"start":{"line":27,"column":24},"end":{"line":27,"column":68}},"11":{"start":{"line":27,"column":46},"end":{"line":27,"column":67}},"12":{"start":{"line":28,"column":4},"end":{"line":28,"column":55}},"13":{"start":{"line":32,"column":4},"end":{"line":32,"column":45}},"14":{"start":{"line":32,"column":31},"end":{"line":32,"column":43}},"15":{"start":{"line":36,"column":20},"end":{"line":36,"column":32}},"16":{"start":{"line":37,"column":17},"end":{"line":37,"column":52}},"17":{"start":{"line":37,"column":35},"end":{"line":37,"column":51}},"18":{"start":{"line":39,"column":4},"end":{"line":43,"column":5}},"19":{"start":{"line":40,"column":22},"end":{"line":40,"column":84}},"20":{"start":{"line":41,"column":8},"end":{"line":41,"column":27}},"21":{"start":{"line":42,"column":8},"end":{"line":42,"column":20}},"22":{"start":{"line":45,"column":4},"end":{"line":45,"column":59}},"23":{"start":{"line":47,"column":4},"end":{"line":47,"column":39}},"24":{"start":{"line":50,"column":18},"end":{"line":50,"column":53}},"25":{"start":{"line":50,"column":36},"end":{"line":50,"column":52}},"26":{"start":{"line":51,"column":4},"end":{"line":55,"column":5}},"27":{"start":{"line":52,"column":22},"end":{"line":52,"column":97}},"28":{"start":{"line":53,"column":8},"end":{"line":53,"column":27}},"29":{"start":{"line":54,"column":8},"end":{"line":54,"column":20}},"30":{"start":{"line":57,"column":4},"end":{"line":61,"column":5}},"31":{"start":{"line":58,"column":22},"end":{"line":58,"column":94}},"32":{"start":{"line":59,"column":8},"end":{"line":59,"column":27}},"33":{"start":{"line":60,"column":8},"end":{"line":60,"column":20}},"34":{"start":{"line":63,"column":22},"end":{"line":70,"column":5}},"35":{"start":{"line":64,"column":66},"end":{"line":64,"column":70}},"36":{"start":{"line":72,"column":4},"end":{"line":72,"column":30}},"37":{"start":{"line":73,"column":4},"end":{"line":73,"column":44}},"38":{"start":{"line":77,"column":0},"end":{"line":96,"column":2}},"39":{"start":{"line":84,"column":4},"end":{"line":89,"column":6}},"40":{"start":{"line":90,"column":4},"end":{"line":94,"column":6}}},"fnMap":{"0":{"name":"getAllMedia","decl":{"start":{"line":14,"column":15},"end":{"line":14,"column":26}},"loc":{"start":{"line":14,"column":29},"end":{"line":16,"column":1}},"line":14},"1":{"name":"getMediaById","decl":{"start":{"line":18,"column":15},"end":{"line":18,"column":27}},"loc":{"start":{"line":18,"column":32},"end":{"line":29,"column":1}},"line":18},"2":{"name":"(anonymous_2)","decl":{"start":{"line":20,"column":30},"end":{"line":20,"column":31}},"loc":{"start":{"line":20,"column":35},"end":{"line":20,"column":51}},"line":20},"3":{"name":"(anonymous_3)","decl":{"start":{"line":27,"column":41},"end":{"line":27,"column":42}},"loc":{"start":{"line":27,"column":46},"end":{"line":27,"column":67}},"line":27},"4":{"name":"getFavorites","decl":{"start":{"line":31,"column":15},"end":{"line":31,"column":27}},"loc":{"start":{"line":31,"column":30},"end":{"line":33,"column":1}},"line":31},"5":{"name":"(anonymous_5)","decl":{"start":{"line":32,"column":26},"end":{"line":32,"column":27}},"loc":{"start":{"line":32,"column":31},"end":{"line":32,"column":43}},"line":32},"6":{"name":"toggleFavorite","decl":{"start":{"line":35,"column":15},"end":{"line":35,"column":29}},"loc":{"start":{"line":35,"column":41},"end":{"line":48,"column":1}},"line":35},"7":{"name":"(anonymous_7)","decl":{"start":{"line":37,"column":30},"end":{"line":37,"column":31}},"loc":{"start":{"line":37,"column":35},"end":{"line":37,"column":51}},"line":37},"8":{"name":"addReview","decl":{"start":{"line":49,"column":15},"end":{"line":49,"column":24}},"loc":{"start":{"line":49,"column":46},"end":{"line":74,"column":1}},"line":49},"9":{"name":"(anonymous_9)","decl":{"start":{"line":50,"column":31},"end":{"line":50,"column":32}},"loc":{"start":{"line":50,"column":36},"end":{"line":50,"column":52}},"line":50},"10":{"name":"(anonymous_10)","decl":{"start":{"line":64,"column":61},"end":{"line":64,"column":62}},"loc":{"start":{"line":64,"column":66},"end":{"line":64,"column":70}},"line":64},"11":{"name":"(anonymous_11)","decl":{"start":{"line":83,"column":11},"end":{"line":83,"column":12}},"loc":{"start":{"line":83,"column":17},"end":{"line":95,"column":3}},"line":83}},"branchMap":{"0":{"loc":{"start":{"line":22,"column":4},"end":{"line":26,"column":5}},"type":"if","locations":[{"start":{"line":22,"column":4},"end":{"line":26,"column":5}},{"start":{},"end":{}}],"line":22},"1":{"loc":{"start":{"line":39,"column":4},"end":{"line":43,"column":5}},"type":"if","locations":[{"start":{"line":39,"column":4},"end":{"line":43,"column":5}},{"start":{},"end":{}}],"line":39},"2":{"loc":{"start":{"line":45,"column":23},"end":{"line":45,"column":57}},"type":"binary-expr","locations":[{"start":{"line":45,"column":23},"end":{"line":45,"column":37}},{"start":{"line":45,"column":41},"end":{"line":45,"column":57}}],"line":45},"3":{"loc":{"start":{"line":51,"column":4},"end":{"line":55,"column":5}},"type":"if","locations":[{"start":{"line":51,"column":4},"end":{"line":55,"column":5}},{"start":{},"end":{}}],"line":51},"4":{"loc":{"start":{"line":57,"column":4},"end":{"line":61,"column":5}},"type":"if","locations":[{"start":{"line":57,"column":4},"end":{"line":61,"column":5}},{"start":{},"end":{}}],"line":57},"5":{"loc":{"start":{"line":57,"column":8},"end":{"line":57,"column":69}},"type":"binary-expr","locations":[{"start":{"line":57,"column":8},"end":{"line":57,"column":24}},{"start":{"line":57,"column":28},"end":{"line":57,"column":46}},{"start":{"line":57,"column":50},"end":{"line":57,"column":69}}],"line":57},"6":{"loc":{"start":{"line":64,"column":12},"end":{"line":64,"column":80}},"type":"cond-expr","locations":[{"start":{"line":64,"column":35},"end":{"line":64,"column":76}},{"start":{"line":64,"column":79},"end":{"line":64,"column":80}}],"line":64}},"s":{"0":2,"1":2,"2":1,"3":2,"4":2,"5":5,"6":2,"7":1,"8":1,"9":1,"10":1,"11":3,"12":1,"13":1,"14":4,"15":2,"16":2,"17":6,"18":2,"19":1,"20":1,"21":1,"22":1,"23":1,"24":2,"25":5,"26":2,"27":0,"28":0,"29":0,"30":2,"31":1,"32":1,"33":1,"34":1,"35":3,"36":1,"37":1,"38":2,"39":7,"40":7},"f":{"0":1,"1":2,"2":5,"3":3,"4":1,"5":4,"6":2,"7":6,"8":2,"9":5,"10":3,"11":7},"b":{"0":[1,1],"1":[1,1],"2":[1,1],"3":[0,2],"4":[1,1],"5":[2,2,1],"6":[1,0]},"_coverageSchema":"1a1c01bbd47fc00a2c39e90264f33305004495a9","hash":"eb0f06d166abe0ebbdd5ed8556dcf75c948becfc"}
,"C:\\Users\\Raimundo\\Desktop\\DSF\\ESW\\CineStream\\backend\\src\\controllers\\mediaController.js": {"path":"C:\\Users\\Raimundo\\Desktop\\DSF\\ESW\\CineStream\\backend\\src\\controllers\\mediaController.js","statementMap":{"0":{"start":{"line":1,"column":21},"end":{"line":1,"column":51}},"1":{"start":{"line":3,"column":0},"end":{"line":10,"column":2}},"2":{"start":{"line":4,"column":4},"end":{"line":9,"column":5}},"3":{"start":{"line":5,"column":22},"end":{"line":5,"column":54}},"4":{"start":{"line":6,"column":8},"end":{"line":6,"column":36}},"5":{"start":{"line":8,"column":8},"end":{"line":8,"column":69}},"6":{"start":{"line":12,"column":0},"end":{"line":19,"column":2}},"7":{"start":{"line":13,"column":4},"end":{"line":18,"column":5}},"8":{"start":{"line":14,"column":23},"end":{"line":14,"column":69}},"9":{"start":{"line":15,"column":8},"end":{"line":15,"column":42}},"10":{"start":{"line":17,"column":8},"end":{"line":17,"column":71}},"11":{"start":{"line":21,"column":0},"end":{"line":28,"column":2}},"12":{"start":{"line":22,"column":4},"end":{"line":27,"column":5}},"13":{"start":{"line":23,"column":26},"end":{"line":23,"column":59}},"14":{"start":{"line":24,"column":8},"end":{"line":24,"column":40}},"15":{"start":{"line":26,"column":8},"end":{"line":26,"column":70}},"16":{"start":{"line":30,"column":0},"end":{"line":38,"column":2}},"17":{"start":{"line":31,"column":22},"end":{"line":31,"column":30}},"18":{"start":{"line":32,"column":4},"end":{"line":37,"column":5}},"19":{"start":{"line":33,"column":23},"end":{"line":33,"column":78}},"20":{"start":{"line":34,"column":8},"end":{"line":34,"column":52}},"21":{"start":{"line":36,"column":8},"end":{"line":36,"column":71}},"22":{"start":{"line":40,"column":0},"end":{"line":49,"column":2}},"23":{"start":{"line":41,"column":38},"end":{"line":41,"column":46}},"24":{"start":{"line":42,"column":20},"end":{"line":42,"column":43}},"25":{"start":{"line":43,"column":4},"end":{"line":48,"column":5}},"26":{"start":{"line":44,"column":23},"end":{"line":44,"column":87}},"27":{"start":{"line":45,"column":8},"end":{"line":45,"column":52}},"28":{"start":{"line":47,"column":8},"end":{"line":47,"column":71}}},"fnMap":{"0":{"name":"(anonymous_0)","decl":{"start":{"line":3,"column":18},"end":{"line":3,"column":19}},"loc":{"start":{"line":3,"column":38},"end":{"line":10,"column":1}},"line":3},"1":{"name":"(anonymous_1)","decl":{"start":{"line":12,"column":21},"end":{"line":12,"column":22}},"loc":{"start":{"line":12,"column":41},"end":{"line":19,"column":1}},"line":12},"2":{"name":"(anonymous_2)","decl":{"start":{"line":21,"column":24},"end":{"line":21,"column":25}},"loc":{"start":{"line":21,"column":44},"end":{"line":28,"column":1}},"line":21},"3":{"name":"(anonymous_3)","decl":{"start":{"line":30,"column":31},"end":{"line":30,"column":32}},"loc":{"start":{"line":30,"column":51},"end":{"line":38,"column":1}},"line":30},"4":{"name":"(anonymous_4)","decl":{"start":{"line":40,"column":27},"end":{"line":40,"column":28}},"loc":{"start":{"line":40,"column":47},"end":{"line":49,"column":1}},"line":40}},"branchMap":{"0":{"loc":{"start":{"line":17,"column":19},"end":{"line":17,"column":38}},"type":"binary-expr","locations":[{"start":{"line":17,"column":19},"end":{"line":17,"column":31}},{"start":{"line":17,"column":35},"end":{"line":17,"column":38}}],"line":17},"1":{"loc":{"start":{"line":36,"column":19},"end":{"line":36,"column":38}},"type":"binary-expr","locations":[{"start":{"line":36,"column":19},"end":{"line":36,"column":31}},{"start":{"line":36,"column":35},"end":{"line":36,"column":38}}],"line":36},"2":{"loc":{"start":{"line":47,"column":19},"end":{"line":47,"column":38}},"type":"binary-expr","locations":[{"start":{"line":47,"column":19},"end":{"line":47,"column":31}},{"start":{"line":47,"column":35},"end":{"line":47,"column":38}}],"line":47}},"s":{"0":1,"1":1,"2":1,"3":1,"4":0,"5":1,"6":1,"7":0,"8":0,"9":0,"10":0,"11":1,"12":0,"13":0,"14":0,"15":0,"16":1,"17":1,"18":1,"19":1,"20":0,"21":1,"22":1,"23":2,"24":2,"25":2,"26":2,"27":1,"28":1},"f":{"0":1,"1":0,"2":0,"3":1,"4":2},"b":{"0":[0,0],"1":[1,0],"2":[1,0]},"_coverageSchema":"1a1c01bbd47fc00a2c39e90264f33305004495a9","hash":"4a5aa61bf778f2a47aa7fecba9fff532eaf49693"}
}
