TN:
SF:src\api\mediaService.js
FN:14,getAllMedia
FN:18,getMediaById
FN:20,(anonymous_2)
FN:27,(anonymous_3)
FN:31,getFavorites
FN:32,(anonymous_5)
FN:35,toggleFavorite
FN:37,(anonymous_7)
FN:49,addReview
FN:50,(anonymous_9)
FN:64,(anonymous_10)
FN:83,(anonymous_11)
FNF:12
FNH:12
FNDA:1,getAllMedia
FNDA:2,getMediaById
FNDA:5,(anonymous_2)
FNDA:3,(anonymous_3)
FNDA:1,getFavorites
FNDA:4,(anonymous_5)
FNDA:2,toggleFavorite
FNDA:6,(anonymous_7)
FNDA:2,addReview
FNDA:5,(anonymous_9)
FNDA:3,(anonymous_10)
FNDA:7,(anonymous_11)
DA:1,2
DA:8,2
DA:15,1
DA:19,2
DA:20,5
DA:22,2
DA:23,1
DA:24,1
DA:25,1
DA:27,3
DA:28,1
DA:32,4
DA:36,2
DA:37,6
DA:39,2
DA:40,1
DA:41,1
DA:42,1
DA:45,1
DA:47,1
DA:50,5
DA:51,2
DA:52,0
DA:53,0
DA:54,0
DA:57,2
DA:58,1
DA:59,1
DA:60,1
DA:63,1
DA:64,3
DA:72,1
DA:73,1
DA:77,2
DA:84,7
DA:90,7
LF:36
LH:33
BRDA:22,0,0,1
BRDA:22,0,1,1
BRDA:39,1,0,1
BRDA:39,1,1,1
BRDA:45,2,0,1
BRDA:45,2,1,1
BRDA:51,3,0,0
BRDA:51,3,1,2
BRDA:57,4,0,1
BRDA:57,4,1,1
BRDA:57,5,0,2
BRDA:57,5,1,2
BRDA:57,5,2,1
BRDA:64,6,0,1
BRDA:64,6,1,0
BRF:15
BRH:13
end_of_record
TN:
SF:src\controllers\mediaController.js
FN:3,(anonymous_0)
FN:12,(anonymous_1)
FN:21,(anonymous_2)
FN:30,(anonymous_3)
FN:40,(anonymous_4)
FNF:5
FNH:3
FNDA:1,(anonymous_0)
FNDA:0,(anonymous_1)
FNDA:0,(anonymous_2)
FNDA:1,(anonymous_3)
FNDA:2,(anonymous_4)
DA:1,1
DA:3,1
DA:4,1
DA:5,1
DA:6,0
DA:8,1
DA:12,1
DA:13,0
DA:14,0
DA:15,0
DA:17,0
DA:21,1
DA:22,0
DA:23,0
DA:24,0
DA:26,0
DA:30,1
DA:31,1
DA:32,1
DA:33,1
DA:34,0
DA:36,1
DA:40,1
DA:41,2
DA:42,2
DA:43,2
DA:44,2
DA:45,1
DA:47,1
LF:29
LH:19
BRDA:17,0,0,0
BRDA:17,0,1,0
BRDA:36,1,0,1
BRDA:36,1,1,0
BRDA:47,2,0,1
BRDA:47,2,1,0
BRF:6
BRH:2
end_of_record
